-------------------------------------------------------------------------------
Test set: com.github.vitalliuss.helloci.AppTest
-------------------------------------------------------------------------------
Tests run: 5, Failures: 1, Errors: 0, Skipped: 1, Time elapsed: 0.034 s <<< FAILURE! - in com.github.vitalliuss.helloci.AppTest
testShouldBePassed(com.github.vitalliuss.helloci.AppTest)  Time elapsed: 0.004 s  <<< FAILURE!
java.lang.AssertionError
	at com.github.vitalliuss.helloci.AppTest.testShouldBePassed(AppTest.java:16)

